2025-02-27T13:28:54.297-03:00  INFO 9604 --- [app_test] [main] com.erudio.app_test.AppTestApplication   : Starting AppTestApplication using Java 21.0.2 with PID 9604 (C:\Users\Marcos Andre\Desktop\SpringBoot\app_test\target\classes started by Marcos Andre in C:\Users\Marcos Andre\Desktop\SpringBoot\app_test)
2025-02-27T13:28:54.307-03:00  INFO 9604 --- [app_test] [main] com.erudio.app_test.AppTestApplication   : The following 1 profile is active: "test"
2025-02-27T13:28:55.622-03:00  INFO 9604 --- [app_test] [main] .s.d.r.c.RepositoryConfigurationDelegate : Bootstrapping Spring Data JPA repositories in DEFAULT mode.
2025-02-27T13:28:55.664-03:00  INFO 9604 --- [app_test] [main] .s.d.r.c.RepositoryConfigurationDelegate : Finished Spring Data repository scanning in 23 ms. Found 0 JPA repository interfaces.
2025-02-27T13:28:56.445-03:00  INFO 9604 --- [app_test] [main] o.s.b.w.embedded.tomcat.TomcatWebServer  : Tomcat initialized with port 8080 (http)
2025-02-27T13:28:56.465-03:00  INFO 9604 --- [app_test] [main] o.apache.catalina.core.StandardService   : Starting service [Tomcat]
2025-02-27T13:28:56.465-03:00  INFO 9604 --- [app_test] [main] o.apache.catalina.core.StandardEngine    : Starting Servlet engine: [Apache Tomcat/10.1.36]
2025-02-27T13:28:56.530-03:00  INFO 9604 --- [app_test] [main] o.a.c.c.C.[Tomcat].[localhost].[/]       : Initializing Spring embedded WebApplicationContext
2025-02-27T13:28:56.531-03:00  INFO 9604 --- [app_test] [main] w.s.c.ServletWebServerApplicationContext : Root WebApplicationContext: initialization completed in 2100 ms
2025-02-27T13:28:56.781-03:00  INFO 9604 --- [app_test] [main] com.zaxxer.hikari.HikariDataSource       : HikariPool-1 - Starting...
2025-02-27T13:28:57.135-03:00  INFO 9604 --- [app_test] [main] com.zaxxer.hikari.pool.HikariPool        : HikariPool-1 - Added connection conn0: url=jdbc:h2:mem:testdb user=SA
2025-02-27T13:28:57.140-03:00  INFO 9604 --- [app_test] [main] com.zaxxer.hikari.HikariDataSource       : HikariPool-1 - Start completed.
2025-02-27T13:28:57.368-03:00  INFO 9604 --- [app_test] [main] o.hibernate.jpa.internal.util.LogHelper  : HHH000204: Processing PersistenceUnitInfo [name: default]
2025-02-27T13:28:57.539-03:00  INFO 9604 --- [app_test] [main] org.hibernate.Version                    : HHH000412: Hibernate ORM core version 6.6.8.Final
2025-02-27T13:28:57.611-03:00  INFO 9604 --- [app_test] [main] o.h.c.internal.RegionFactoryInitiator    : HHH000026: Second-level cache disabled
2025-02-27T13:28:58.022-03:00  INFO 9604 --- [app_test] [main] o.s.o.j.p.SpringPersistenceUnitInfo      : No LoadTimeWeaver setup: ignoring JPA class transformer
2025-02-27T13:28:58.096-03:00  INFO 9604 --- [app_test] [main] org.hibernate.orm.connections.pooling    : HHH10001005: Database info:
	Database JDBC URL [Connecting through datasource 'HikariDataSource (HikariPool-1)']
	Database driver: undefined/unknown
	Database version: 2.3.232
	Autocommit mode: undefined/unknown
	Isolation level: undefined/unknown
	Minimum pool size: undefined/unknown
	Maximum pool size: undefined/unknown
2025-02-27T13:28:58.444-03:00  INFO 9604 --- [app_test] [main] o.h.e.t.j.p.i.JtaPlatformInitiator       : HHH000489: No JTA platform available (set 'hibernate.transaction.jta.platform' to enable JTA platform integration)
2025-02-27T13:28:58.448-03:00  INFO 9604 --- [app_test] [main] j.LocalContainerEntityManagerFactoryBean : Initialized JPA EntityManagerFactory for persistence unit 'default'
2025-02-27T13:28:59.311-03:00  INFO 9604 --- [app_test] [main] o.s.b.a.h2.H2ConsoleAutoConfiguration    : H2 console available at '/h2-console'. Database available at 'jdbc:h2:mem:testdb'
2025-02-27T13:28:59.496-03:00  INFO 9604 --- [app_test] [main] o.s.b.w.embedded.tomcat.TomcatWebServer  : Tomcat started on port 8080 (http) with context path '/'
2025-02-27T13:28:59.507-03:00  INFO 9604 --- [app_test] [main] com.erudio.app_test.AppTestApplication   : Started AppTestApplication in 6.035 seconds (process running for 6.587)
2025-02-27T13:29:03.788-03:00  INFO 9604 --- [app_test] [http-nio-8080-exec-2] o.a.c.c.C.[Tomcat].[localhost].[/]       : Initializing Spring DispatcherServlet 'dispatcherServlet'
2025-02-27T13:29:03.789-03:00  INFO 9604 --- [app_test] [http-nio-8080-exec-2] o.s.web.servlet.DispatcherServlet        : Initializing Servlet 'dispatcherServlet'
2025-02-27T13:29:03.791-03:00  INFO 9604 --- [app_test] [http-nio-8080-exec-2] o.s.web.servlet.DispatcherServlet        : Completed initialization in 1 ms
2025-02-27T13:29:03.991-03:00  INFO 9604 --- [app_test] [http-nio-8080-exec-2] c.e.app_test.services.PersonService      : Creating one person!
2025-02-27T13:29:17.886-03:00  INFO 9604 --- [app_test] [http-nio-8080-exec-3] c.e.app_test.services.PersonService      : Creating one person!
2025-02-27T13:54:22.072-03:00  INFO 9604 --- [app_test] [SpringApplicationShutdownHook] o.s.b.w.e.tomcat.GracefulShutdown        : Commencing graceful shutdown. Waiting for active requests to complete
2025-02-27T13:54:22.085-03:00  INFO 9604 --- [app_test] [tomcat-shutdown] o.s.b.w.e.tomcat.GracefulShutdown        : Graceful shutdown complete
2025-02-27T13:54:22.090-03:00  INFO 9604 --- [app_test] [SpringApplicationShutdownHook] j.LocalContainerEntityManagerFactoryBean : Closing JPA EntityManagerFactory for persistence unit 'default'
2025-02-27T13:54:22.092-03:00  INFO 9604 --- [app_test] [SpringApplicationShutdownHook] com.zaxxer.hikari.HikariDataSource       : HikariPool-1 - Shutdown initiated...
2025-02-27T13:54:22.096-03:00  INFO 9604 --- [app_test] [SpringApplicationShutdownHook] com.zaxxer.hikari.HikariDataSource       : HikariPool-1 - Shutdown completed.
2025-02-27T13:54:26.060-03:00  INFO 9700 --- [app_test] [main] com.erudio.app_test.AppTestApplication   : Starting AppTestApplication using Java 21.0.2 with PID 9700 (C:\Users\Marcos Andre\Desktop\SpringBoot\app_test\target\classes started by Marcos Andre in C:\Users\Marcos Andre\Desktop\SpringBoot\app_test)
2025-02-27T13:54:26.064-03:00  INFO 9700 --- [app_test] [main] com.erudio.app_test.AppTestApplication   : The following 1 profile is active: "test"
2025-02-27T13:54:27.104-03:00  INFO 9700 --- [app_test] [main] .s.d.r.c.RepositoryConfigurationDelegate : Bootstrapping Spring Data JPA repositories in DEFAULT mode.
2025-02-27T13:54:27.148-03:00  INFO 9700 --- [app_test] [main] .s.d.r.c.RepositoryConfigurationDelegate : Finished Spring Data repository scanning in 21 ms. Found 0 JPA repository interfaces.
2025-02-27T13:54:27.985-03:00  INFO 9700 --- [app_test] [main] o.s.b.w.embedded.tomcat.TomcatWebServer  : Tomcat initialized with port 8080 (http)
2025-02-27T13:54:27.999-03:00  INFO 9700 --- [app_test] [main] o.apache.catalina.core.StandardService   : Starting service [Tomcat]
2025-02-27T13:54:28.000-03:00  INFO 9700 --- [app_test] [main] o.apache.catalina.core.StandardEngine    : Starting Servlet engine: [Apache Tomcat/10.1.36]
2025-02-27T13:54:28.064-03:00  INFO 9700 --- [app_test] [main] o.a.c.c.C.[Tomcat].[localhost].[/]       : Initializing Spring embedded WebApplicationContext
2025-02-27T13:54:28.065-03:00  INFO 9700 --- [app_test] [main] w.s.c.ServletWebServerApplicationContext : Root WebApplicationContext: initialization completed in 1932 ms
2025-02-27T13:54:28.329-03:00  INFO 9700 --- [app_test] [main] com.zaxxer.hikari.HikariDataSource       : HikariPool-1 - Starting...
2025-02-27T13:54:28.590-03:00  INFO 9700 --- [app_test] [main] com.zaxxer.hikari.pool.HikariPool        : HikariPool-1 - Added connection conn0: url=jdbc:h2:mem:testdb user=SA
2025-02-27T13:54:28.592-03:00  INFO 9700 --- [app_test] [main] com.zaxxer.hikari.HikariDataSource       : HikariPool-1 - Start completed.
2025-02-27T13:54:28.732-03:00  INFO 9700 --- [app_test] [main] o.hibernate.jpa.internal.util.LogHelper  : HHH000204: Processing PersistenceUnitInfo [name: default]
2025-02-27T13:54:28.864-03:00  INFO 9700 --- [app_test] [main] org.hibernate.Version                    : HHH000412: Hibernate ORM core version 6.6.8.Final
2025-02-27T13:54:28.928-03:00  INFO 9700 --- [app_test] [main] o.h.c.internal.RegionFactoryInitiator    : HHH000026: Second-level cache disabled
2025-02-27T13:54:29.362-03:00  INFO 9700 --- [app_test] [main] o.s.o.j.p.SpringPersistenceUnitInfo      : No LoadTimeWeaver setup: ignoring JPA class transformer
2025-02-27T13:54:29.423-03:00  INFO 9700 --- [app_test] [main] org.hibernate.orm.connections.pooling    : HHH10001005: Database info:
	Database JDBC URL [Connecting through datasource 'HikariDataSource (HikariPool-1)']
	Database driver: undefined/unknown
	Database version: 2.3.232
	Autocommit mode: undefined/unknown
	Isolation level: undefined/unknown
	Minimum pool size: undefined/unknown
	Maximum pool size: undefined/unknown
2025-02-27T13:54:29.732-03:00  INFO 9700 --- [app_test] [main] o.h.e.t.j.p.i.JtaPlatformInitiator       : HHH000489: No JTA platform available (set 'hibernate.transaction.jta.platform' to enable JTA platform integration)
2025-02-27T13:54:29.741-03:00  INFO 9700 --- [app_test] [main] j.LocalContainerEntityManagerFactoryBean : Initialized JPA EntityManagerFactory for persistence unit 'default'
2025-02-27T13:54:30.796-03:00  INFO 9700 --- [app_test] [main] o.s.b.a.h2.H2ConsoleAutoConfiguration    : H2 console available at '/h2-console'. Database available at 'jdbc:h2:mem:testdb'
2025-02-27T13:54:30.959-03:00  INFO 9700 --- [app_test] [main] o.s.b.w.embedded.tomcat.TomcatWebServer  : Tomcat started on port 8080 (http) with context path '/'
2025-02-27T13:54:30.972-03:00  INFO 9700 --- [app_test] [main] com.erudio.app_test.AppTestApplication   : Started AppTestApplication in 5.528 seconds (process running for 5.972)
2025-02-27T13:54:37.342-03:00  INFO 9700 --- [app_test] [http-nio-8080-exec-1] o.a.c.c.C.[Tomcat].[localhost].[/]       : Initializing Spring DispatcherServlet 'dispatcherServlet'
2025-02-27T13:54:37.343-03:00  INFO 9700 --- [app_test] [http-nio-8080-exec-1] o.s.web.servlet.DispatcherServlet        : Initializing Servlet 'dispatcherServlet'
2025-02-27T13:54:37.344-03:00  INFO 9700 --- [app_test] [http-nio-8080-exec-1] o.s.web.servlet.DispatcherServlet        : Completed initialization in 1 ms
2025-02-27T13:54:37.477-03:00  INFO 9700 --- [app_test] [http-nio-8080-exec-1] c.e.app_test.services.PersonService      : Deleting one person!
2025-02-27T17:48:53.677-03:00  WARN 9700 --- [app_test] [HikariPool-1 housekeeper] com.zaxxer.hikari.pool.HikariPool        : HikariPool-1 - Thread starvation or clock leap detected (housekeeper delta=1h50m22s944ms84µs100ns).
2025-02-27T17:49:41.542-03:00  WARN 9700 --- [app_test] [HikariPool-1 housekeeper] com.zaxxer.hikari.pool.HikariPool        : HikariPool-1 - Thread starvation or clock leap detected (housekeeper delta=47s865ms526µs400ns).
